2025-06-13 14:18:38,056 - __main__ - INFO - --- Testing DummyGridModel ---
2025-06-13 14:18:38,056 - __main__ - INFO - Initialized DummyGridModel for EURUSD buy at 1.1015
2025-06-13 14:18:38,056 - __main__ - INFO - DummyGridModel generating orders for EURUSD around 1.1015
2025-06-13 14:18:38,057 - __main__ - INFO - DummyGridModel generated 2 orders.
2025-06-13 14:18:38,057 - __main__ - INFO - Generated 2 orders:
2025-06-13 14:18:38,057 - __main__ - INFO -   {'symbol': 'EURUSD', 'order_type': 'BUY_STOP', 'entry_price': 1.103, 'sl': 1.1015, 'tp': 1.106, 'lot_size': 0.07, 'grid_id': 'DummyGridModel_BS1'}
2025-06-13 14:18:38,057 - __main__ - INFO -   {'symbol': 'EURUSD', 'order_type': 'SELL_LIMIT', 'entry_price': 1.10225, 'sl': 1.10375, 'tp': 1.1, 'lot_size': 0.07, 'grid_id': 'DummyGridModel_SL1'}
2025-06-13 14:18:38,057 - __main__ - INFO - --- Testing BaseGridModel validation ---
2025-06-13 14:18:38,057 - __main__ - ERROR - Invalid trade direction: sideways. Must be 'buy' or 'sell'.
2025-06-13 14:18:38,057 - __main__ - ERROR - Caught expected error: Invalid trade direction: sideways. Must be 'buy' or 'sell'.
2025-06-13 14:18:38,057 - __main__ - ERROR - Missing critical base_trade_params: symbol, direction, base_price, base_sl, or atr.
2025-06-13 14:18:38,057 - __main__ - ERROR - Caught expected error for missing atr: Missing critical base_trade_params: symbol, direction, base_price, base_sl, or atr.
2025-06-13 14:21:38,743 - grid_trader.models.base_model - INFO - Initialized VolatilityGridModel for EURUSD buy at 1.1015
2025-06-13 14:21:38,744 - grid_trader.models.base_model - INFO - Initialized VolatilityGridModel for USDJPY sell at 130.5
2025-06-13 14:21:38,745 - grid_trader.models.base_model - INFO - Initialized VolatilityGridModel for XAUUSD buy at 1950.5
2025-06-13 14:21:38,745 - grid_trader.models.base_model - ERROR - Missing critical base_trade_params: symbol, direction, base_price, base_sl, or atr.
2025-06-13 14:22:24,418 - grid_trader.models.base_model - INFO - Initialized VolatilityGridModel for EURUSD buy at 1.1015
2025-06-13 14:22:24,419 - grid_trader.models.base_model - INFO - Initialized VolatilityGridModel for USDJPY sell at 130.5
2025-06-13 14:22:24,420 - grid_trader.models.base_model - INFO - Initialized VolatilityGridModel for XAUUSD buy at 1950.5
2025-06-13 14:22:24,420 - grid_trader.models.base_model - ERROR - Missing critical base_trade_params: symbol, direction, base_price, base_sl, or atr.
2025-06-13 14:22:24,421 - grid_trader.models.base_model - INFO - Initialized VolatilityGridModel for EURUSD buy at 1.1015
2025-06-13 14:24:12,850 - grid_trader.models.base_model - INFO - Initialized DualGridModel for EURUSD buy at 1.1015
2025-06-13 14:24:12,851 - grid_trader.models.base_model - INFO - Initialized DualGridModel for XAUUSD sell at 1950.0
2025-06-13 14:24:12,852 - grid_trader.models.base_model - INFO - Initialized DualGridModel for EURUSD buy at 1.1015
